<?xml version="1.0" encoding="UTF-8"?>
<testsuite name="com.codeflix.admincatalog.domain.category.CategoryTest" tests="1" skipped="0" failures="0" errors="0" timestamp="2022-12-03T01:52:52" hostname="dennis-S550CA" time="0.056">
  <properties/>
  <testcase name="givenAValidParams_whenCallNewCategory_thenInstantiateACategory()" classname="com.codeflix.admincatalog.domain.category.CategoryTest" time="0.056"/>
  <system-out><![CDATA[]]></system-out>
  <system-err><![CDATA[]]></system-err>
</testsuite>
