<?xml version="1.0" encoding="UTF-8"?>
<testsuite name="com.codeflix.admincatalog.domain.CategoryTest" tests="1" skipped="0" failures="0" errors="0" timestamp="2022-12-03T01:02:28" hostname="dennis-S550CA" time="0.04">
  <properties/>
  <testcase name="testNewCategory()" classname="com.codeflix.admincatalog.domain.CategoryTest" time="0.04"/>
  <system-out><![CDATA[]]></system-out>
  <system-err><![CDATA[]]></system-err>
</testsuite>
