<?xml version="1.0" encoding="UTF-8"?>
<testsuite name="com.codeflix.admincatalog.domain.category.CategoryTest" tests="2" skipped="0" failures="0" errors="0" timestamp="2022-12-03T03:35:44" hostname="dennis-S550CA" time="0.074">
  <properties/>
  <testcase name="givenAValidParams_whenCallNewCategory_thenInstantiateACategory()" classname="com.codeflix.admincatalog.domain.category.CategoryTest" time="0.063"/>
  <testcase name="givenAnInvalidNullName_whenCallNewCategoryAndValidate_thenShouldReceiveError()" classname="com.codeflix.admincatalog.domain.category.CategoryTest" time="0.008"/>
  <system-out><![CDATA[]]></system-out>
  <system-err><![CDATA[]]></system-err>
</testsuite>
