<?xml version="1.0" encoding="UTF-8"?>
<testsuite name="com.codeflix.admincatalog.application.UseCaseTest" tests="1" skipped="0" failures="0" errors="0" timestamp="2022-12-03T01:08:47" hostname="dennis-S550CA" time="0.035">
  <properties/>
  <testcase name="testCreateUseCase()" classname="com.codeflix.admincatalog.application.UseCaseTest" time="0.035"/>
  <system-out><![CDATA[]]></system-out>
  <system-err><![CDATA[]]></system-err>
</testsuite>
